20:08:07.283 [main] INFO  resources.base - User Have Successfully Login To The Home Page
20:08:18.470 [main] INFO  resources.base - User Have Successfully reached the favorites Page
20:08:39.751 [main] ERROR resources.base - Favorite page not Open
20:08:39.751 [main] ERROR resources.base - Unable to find element with xpath == (//a[@class='btn'])[2]
For documentation on this error, please visit: http://seleniumhq.org/exceptions/no_such_element.html
Build info: version: '3.4.0', revision: 'unknown', time: 'unknown'
System info: host: 'DESKTOP-GAH683G', ip: '10.0.2.15', os.name: 'Windows 10', os.arch: 'amd64', os.version: '10.0', java.version: '9.0.1'
Driver info: org.openqa.selenium.ie.InternetExplorerDriver
Capabilities [{acceptInsecureCerts=false, browserVersion=11, se:ieOptions={nativeEvents=true, browserAttachTimeout=0.0, ie.ensureCleanSession=false, elementScrollBehavior=0.0, enablePersistentHover=true, ie.browserCommandLineSwitches=, ie.forceCreateProcessApi=false, requireWindowFocus=false, initialBrowserUrl=http://localhost:12975/, ignoreZoomSetting=false, ie.fileUploadDialogTimeout=3000.0, ignoreProtectedModeSettings=false}, browserName=internet explorer, pageLoadStrategy=normal, javascriptEnabled=true, platformName=windows, setWindowRect=true, platform=ANY}]
Session ID: ad9416bf-ba91-46b1-be3e-ff67c7131e29
*** Element info: {Using=xpath, value=(//a[@class='btn'])[2]}
20:09:01.436 [main] INFO  resources.base - user is searching printer using the search textbox
20:09:01.456 [main] INFO  resources.base - User Have Successfully reached the printer search listing page
20:09:01.611 [main] INFO  resources.base - Search result data is Appearing on the Search Result Page
20:09:29.377 [main] INFO  resources.base - User has clicked on Add to Cart on First Searched Product
20:09:34.657 [main] INFO  resources.base - Product 1 is successfully added to Cart
20:09:35.825 [main] INFO  resources.base - User has closed the Add to Cart Modal after adding 1st product to cart
20:09:42.017 [main] INFO  resources.base - User has clicked on Add to Favorites on First Searched Product
20:09:45.064 [main] INFO  resources.base - Product is successfully added to favorites
20:09:46.423 [main] INFO  resources.base - User has Close Add to Favorites Dialog box
20:10:07.693 [main] INFO  resources.base - User Have Successfully reached the PDP Page
20:10:36.032 [main] INFO  resources.base - Recently Viewed Page is Opened
20:10:40.228 [main] INFO  resources.base - User has clicked the Logo from the footer of the page
20:10:40.241 [main] INFO  resources.base - User Have reached the Home Page clicking on the footer Logo
20:10:48.157 [main] INFO  resources.base - User has clicked on the My Profile page from My Account dropdown
20:10:48.174 [main] INFO  resources.base - User has clicked on the My Profile page from My Account dropdown
20:11:03.205 [main] INFO  resources.base - User has clicked on the My Profile page from My Account dropdown
20:11:07.403 [main] INFO  resources.base - User has clicked the Logo from the header of the page
20:11:07.438 [main] INFO  resources.base - User Have reached the Home Page clicking on the Header Logo
20:11:08.767 [main] INFO  resources.base - User has clicked on the Standard Catalog Navigation button from header
20:11:13.798 [main] INFO  resources.base - User Have reached the Standard Catalog Page
20:11:36.032 [main] INFO  resources.base - User has clicked on the 1st Standard Product appearing and reached the PDP Page
20:12:05.736 [main] INFO  resources.base - User has clicked on the All Product Nevigation button from the header
20:12:10.755 [main] INFO  resources.base - User Have reached the All Product Page
20:12:22.111 [main] INFO  resources.base - User has clicked on Audio Cables Category From All Products Page
20:12:22.111 [main] ERROR resources.base - User have not reached the Audio Cable Category Page after clicking Audio Cable category from all product page
20:12:22.111 [main] ERROR resources.base - expected [Audio Cables - MarkITplace] but found [All Products - MarkITplace]
20:12:29.861 [main] INFO  resources.base - User has clicked on Resouces link from the header
20:12:39.894 [main] INFO  resources.base - User Have reached the Resources Page
20:12:47.454 [main] INFO  resources.base - User has clicked on Special Offer Link from the header
20:12:47.473 [main] INFO  resources.base - User Have reached the Special Offer Page
20:12:54.329 [main] INFO  resources.base - User has clicked on Cart Icon from the header
20:12:54.360 [main] INFO  resources.base - User Have reached the Shopping Cart Page
20:12:58.407 [main] INFO  resources.base - User has clicked on remove link for the 1st product
20:13:03.548 [main] INFO  resources.base - User Have successfull removed the first product
20:13:31.970 [main] INFO  resources.base - User has clicked the Logo from the header of the page
20:13:31.990 [main] INFO  resources.base - User Have reached the Home Page clicking on the Header Logo
20:13:33.142 [main] INFO  resources.base - User has clicked the Logo from the footer of the page
20:13:33.158 [main] INFO  resources.base - User Have reached the Home Page clicking on the footer Logo
20:13:34.321 [main] INFO  resources.base - User has clicked on the Standard Catalog Link from the footer of the page
20:13:44.345 [main] INFO  resources.base - User Have reached the Standard Product page after clicking on the Standard Catalog Link from the footer of the page
20:13:54.081 [main] INFO  resources.base - User has clicked on the All product Link from the footer of the page
20:13:54.095 [main] INFO  resources.base - User Have reached the All Product page after clicking on the Standard Catalog Link from the footer of the page
20:14:05.485 [main] INFO  resources.base - User has clicked on the resources  Link from the footer of the page
20:14:05.501 [main] INFO  resources.base - User Have reached the resources page after clicking on the resources Link from the footer of the page
20:14:11.751 [main] INFO  resources.base - User has clicked on the Special offer Link from the footer of the page
20:14:11.767 [main] INFO  resources.base - User Have reached the Special offer after clicking on the Special offer Link from the footer of the page
20:14:21.501 [main] INFO  resources.base - User has clicked on the Special offer Link from the footer of the page
20:14:21.517 [main] INFO  resources.base - User Have reached the Favorites after clicking on the Favorites Link from the footer of the page
20:14:47.735 [main] INFO  resources.base - User has clicked on the Track button from the header of the page
20:14:47.752 [main] INFO  resources.base - User have reached the Track page after clicking on the Track button from the header of the page
20:15:00.174 [main] INFO  resources.base - User has clicked on the order button from the header of the page
20:15:00.187 [main] INFO  resources.base - User have reached the Order page after clicking on the Order button from the header of the page
20:15:29.110 [main] INFO  resources.base - User has clicked on the Purchase Analysis button from the header of the page
20:15:29.158 [main] INFO  resources.base - User have reached the Purchase Analysis page after clicking on the Purchase Analysis button from the header of the page
20:15:30.586 [main] INFO  resources.base - User have clicked on email icon on purchase analysis Page
20:15:31.268 [main] INFO  resources.base - User have entered the email on email field at purchase analysis Page
20:15:32.783 [main] INFO  resources.base - User have click on Send button at email popup screen at purchase analysis Page
20:15:49.782 [main] INFO  resources.base - User has clicked on the Calendar button from the header of the page
20:15:59.798 [main] INFO  resources.base - User have reached the  Calendar page after clicking on the Calendar button from the header of the page
20:17:13.142 [main] INFO  resources.base - User has clicked on the Assets report from Report tab
20:17:13.158 [main] INFO  resources.base - User have reached the assets report after clicking on asset link from report tab
20:17:25.696 [main] INFO  resources.base - User has clicked on the Days To Ship report from Report tab
20:17:35.723 [main] ERROR resources.base - User not able to reach the Days To Ship report after clicking on Days To Ship link from report tab
20:17:35.723 [main] ERROR resources.base - expected [Days To Ship Report - MarkITplace] but found [Assets Report - MarkITplace]
20:17:48.897 [main] INFO  resources.base - User has clicked on the Expiration report from Report tab
20:17:58.923 [main] ERROR resources.base - User not able to reach the Expiration report after clicking on Expiration link from report tab
20:17:58.923 [main] ERROR resources.base - expected [Expiration Report - MarkITplace] but found [Days To Ship Report - MarkITplace]
20:18:31.001 [main] INFO  resources.base - User has clicked on the Inventory report from Report tab
20:18:41.020 [main] INFO  resources.base - User have reached the Inventory report after clicking on Inventory link from report tab
20:18:54.329 [main] INFO  resources.base - User has clicked on the Saved Report icon from the header of the page
20:19:04.345 [main] ERROR resources.base - User have not reached the Saved Report page after clicking on the Saved Report icon from the header of the page
20:19:04.345 [main] ERROR resources.base - expected [Saved Reports - MarkITplace] but found [This site isn’t secure]
20:19:14.440 [main] INFO  resources.base - Compare Page not reached
06:52:03.793 [main] INFO  resources.base - User Have Successfully Login To The Home Page
06:52:51.903 [main] INFO  resources.base - User Have Successfully reached the favorites Page
06:53:43.059 [main] ERROR resources.base - Favorite page not Open
06:53:43.059 [main] ERROR resources.base - Unable to find element with xpath == (//a[@class='btn'])[2]
For documentation on this error, please visit: http://seleniumhq.org/exceptions/no_such_element.html
Build info: version: '3.4.0', revision: 'unknown', time: 'unknown'
System info: host: 'DESKTOP-GAH683G', ip: '10.0.2.15', os.name: 'Windows 10', os.arch: 'amd64', os.version: '10.0', java.version: '9.0.1'
Driver info: org.openqa.selenium.ie.InternetExplorerDriver
Capabilities [{acceptInsecureCerts=false, browserVersion=11, se:ieOptions={nativeEvents=true, browserAttachTimeout=0.0, ie.ensureCleanSession=false, elementScrollBehavior=0.0, enablePersistentHover=true, ie.browserCommandLineSwitches=, ie.forceCreateProcessApi=false, requireWindowFocus=false, initialBrowserUrl=http://localhost:16959/, ignoreZoomSetting=false, ie.fileUploadDialogTimeout=3000.0, ignoreProtectedModeSettings=false}, browserName=internet explorer, pageLoadStrategy=normal, javascriptEnabled=true, platformName=windows, setWindowRect=true, platform=ANY}]
Session ID: 914b9d25-d73a-4083-803b-935d3ffa2941
*** Element info: {Using=xpath, value=(//a[@class='btn'])[2]}
06:55:04.763 [main] INFO  resources.base - user is searching printer using the search textbox
06:55:04.795 [main] INFO  resources.base - User Have Successfully reached the printer search listing page
06:55:04.969 [main] INFO  resources.base - Search result data is Appearing on the Search Result Page
06:56:00.122 [main] INFO  resources.base - User has clicked on Add to Cart on First Searched Product
06:56:04.746 [main] INFO  resources.base - Product 1 is successfully added to Cart
06:56:35.981 [main] INFO  resources.base - User has closed the Add to Cart Modal after adding 1st product to cart
06:57:12.356 [main] INFO  resources.base - User has clicked on Add to Favorites on First Searched Product
06:57:22.403 [main] ERROR resources.base - Product is not added to favorites
06:57:22.403 [main] ERROR resources.base - Unable to find element with xpath == //*[@id='products-content']/div/div[2]/div/div/div[1]/h4
For documentation on this error, please visit: http://seleniumhq.org/exceptions/no_such_element.html
Build info: version: '3.4.0', revision: 'unknown', time: 'unknown'
System info: host: 'DESKTOP-GAH683G', ip: '10.0.2.15', os.name: 'Windows 10', os.arch: 'amd64', os.version: '10.0', java.version: '9.0.1'
Driver info: org.openqa.selenium.ie.InternetExplorerDriver
Capabilities [{acceptInsecureCerts=false, browserVersion=11, se:ieOptions={nativeEvents=true, browserAttachTimeout=0.0, ie.ensureCleanSession=false, elementScrollBehavior=0.0, enablePersistentHover=true, ie.browserCommandLineSwitches=, ie.forceCreateProcessApi=false, requireWindowFocus=false, initialBrowserUrl=http://localhost:16959/, ignoreZoomSetting=false, ie.fileUploadDialogTimeout=3000.0, ignoreProtectedModeSettings=false}, browserName=internet explorer, pageLoadStrategy=normal, javascriptEnabled=true, platformName=windows, setWindowRect=true, platform=ANY}]
Session ID: 914b9d25-d73a-4083-803b-935d3ffa2941
*** Element info: {Using=xpath, value=//*[@id='products-content']/div/div[2]/div/div/div[1]/h4}
06:58:25.606 [main] INFO  resources.base - User Have Successfully reached the PDP Page
06:59:22.217 [main] INFO  resources.base - Recently Viewed Page is Opened
06:59:55.919 [main] INFO  resources.base - User has clicked the Logo from the footer of the page
06:59:55.950 [main] INFO  resources.base - User Have reached the Home Page clicking on the footer Logo
07:01:04.289 [main] INFO  resources.base - User has clicked on the My Profile page from My Account dropdown
07:01:04.308 [main] INFO  resources.base - User has clicked on the My Profile page from My Account dropdown
07:01:50.778 [main] INFO  resources.base - User has clicked on the My Profile page from My Account dropdown
07:02:21.880 [main] INFO  resources.base - User has clicked the Logo from the header of the page
07:02:21.903 [main] ERROR resources.base - User not able to reach home clicking on the header logo
07:02:21.903 [main] ERROR resources.base - expected [Shop - MarkITplace] but found [Shipping Address - MarkITplace]
07:03:42.121 [main] INFO  resources.base - User has clicked on the All Product Nevigation button from the header
07:03:47.141 [main] ERROR resources.base - User have not reached the All Products Page after clicking on the All Product Nevigation button from the header
07:03:47.141 [main] ERROR resources.base - expected [All Products - MarkITplace] but found [Shop - MarkITplace]
07:04:37.466 [main] INFO  resources.base - User has clicked on Resouces link from the header
07:04:47.497 [main] INFO  resources.base - User Have reached the Resources Page
07:05:25.543 [main] INFO  resources.base - User has clicked on Special Offer Link from the header
07:05:25.575 [main] INFO  resources.base - User Have reached the Special Offer Page
07:06:03.185 [main] INFO  resources.base - User has clicked on Cart Icon from the header
07:06:03.217 [main] INFO  resources.base - User Have reached the Shopping Cart Page
07:06:37.389 [main] INFO  resources.base - User has clicked on remove link for the 1st product
07:06:42.543 [main] INFO  resources.base - User Have successfull removed the first product
07:07:26.325 [main] INFO  resources.base - User has clicked the Logo from the header of the page
07:07:26.342 [main] INFO  resources.base - User Have reached the Home Page clicking on the Header Logo
07:08:00.247 [main] INFO  resources.base - User has clicked the Logo from the footer of the page
07:08:00.278 [main] INFO  resources.base - User Have reached the Home Page clicking on the footer Logo
07:08:38.982 [main] INFO  resources.base - User has clicked on the Standard Catalog Link from the footer of the page
07:08:49.013 [main] INFO  resources.base - User Have reached the Standard Product page after clicking on the Standard Catalog Link from the footer of the page
07:09:32.357 [main] INFO  resources.base - User has clicked on the All product Link from the footer of the page
07:09:32.372 [main] INFO  resources.base - User Have reached the All Product page after clicking on the Standard Catalog Link from the footer of the page
07:10:13.810 [main] INFO  resources.base - User has clicked on the resources  Link from the footer of the page
07:10:13.843 [main] INFO  resources.base - User Have reached the resources page after clicking on the resources Link from the footer of the page
07:10:55.935 [main] INFO  resources.base - User has clicked on the Special offer Link from the footer of the page
07:10:55.965 [main] INFO  resources.base - User Have reached the Special offer after clicking on the Special offer Link from the footer of the page
07:11:35.247 [main] INFO  resources.base - User has clicked on the Special offer Link from the footer of the page
07:11:35.263 [main] INFO  resources.base - User Have reached the Favorites after clicking on the Favorites Link from the footer of the page
07:12:41.935 [main] INFO  resources.base - User has clicked on the Track button from the header of the page
07:12:41.950 [main] INFO  resources.base - User have reached the Track page after clicking on the Track button from the header of the page
07:13:27.841 [main] INFO  resources.base - User has clicked on the order button from the header of the page
07:13:27.857 [main] INFO  resources.base - User have reached the Order page after clicking on the Order button from the header of the page
07:14:25.532 [main] INFO  resources.base - User has clicked on the Purchase Analysis button from the header of the page
07:14:25.547 [main] INFO  resources.base - User have reached the Purchase Analysis page after clicking on the Purchase Analysis button from the header of the page
07:14:57.013 [main] INFO  resources.base - User have clicked on email icon on purchase analysis Page
07:15:27.642 [main] INFO  resources.base - User have entered the email on email field at purchase analysis Page
07:15:59.169 [main] INFO  resources.base - User have click on Send button at email popup screen at purchase analysis Page
07:17:42.794 [main] INFO  resources.base - User has clicked on the Calendar button from the header of the page
07:17:52.810 [main] INFO  resources.base - User have reached the  Calendar page after clicking on the Calendar button from the header of the page
10:37:59.914 [main] ERROR resources.base - User has got the issue in removing product from cart
15:55:09.838 [main] INFO  resources.base - User Have Successfully Login To The Home Page
15:55:20.702 [main] INFO  resources.base - User Have Successfully reached the favorites Page
15:55:42.093 [main] ERROR resources.base - Favorite page not Open
15:55:42.105 [main] ERROR resources.base - Unable to find element with xpath == (//a[@class='btn'])[2]
For documentation on this error, please visit: http://seleniumhq.org/exceptions/no_such_element.html
Build info: version: '3.11.0', revision: 'e59cfb3', time: '2018-03-11T20:26:55.152Z'
System info: host: 'DESKTOP-B75F35K', ip: '10.0.2.15', os.name: 'Windows 10', os.arch: 'amd64', os.version: '10.0', java.version: '1.8.0_171'
Driver info: org.openqa.selenium.ie.InternetExplorerDriver
Capabilities {acceptInsecureCerts: false, browserName: internet explorer, browserVersion: 11, javascriptEnabled: true, pageLoadStrategy: normal, platform: WINDOWS, platformName: WINDOWS, proxy: Proxy(), se:ieOptions: {browserAttachTimeout: 0, elementScrollBehavior: 0, enablePersistentHover: true, ie.browserCommandLineSwitches: , ie.ensureCleanSession: false, ie.fileUploadDialogTimeout: 3000, ie.forceCreateProcessApi: false, ignoreProtectedModeSettings: false, ignoreZoomSetting: false, initialBrowserUrl: http://localhost:9327/, nativeEvents: true, requireWindowFocus: false}, setWindowRect: true, timeouts: {implicit: 0, pageLoad: 300000, script: 30000}}
Session ID: 80b1d09e-325b-4053-9fe3-d6fce6de8da4
*** Element info: {Using=xpath, value=(//a[@class='btn'])[2]}
15:56:04.121 [main] INFO  resources.base - user is searching printer using the search textbox
15:56:04.132 [main] ERROR resources.base - Search Result not displaying
15:56:04.132 [main] ERROR resources.base - expected [Printers - MarkITplace] but found [Favorites - MarkITplace]
16:02:04.684 [main] INFO  resources.base - User has clicked the Logo from the footer of the page
16:02:04.695 [main] INFO  resources.base - User Have reached the Home Page clicking on the footer Logo
16:02:12.432 [main] INFO  resources.base - User has clicked on the My Profile page from My Account dropdown
16:02:12.439 [main] INFO  resources.base - User has clicked on the My Profile page from My Account dropdown
16:02:23.444 [main] INFO  resources.base - User has clicked on the My Profile page from My Account dropdown
16:02:23.969 [main] INFO  resources.base - User has clicked the Logo from the header of the page
16:02:23.990 [main] ERROR resources.base - User not able to reach home clicking on the header logo
16:02:23.990 [main] ERROR resources.base - expected [Shop - MarkITplace] but found [Shipping Address - MarkITplace]
16:02:34.496 [main] INFO  resources.base - User has clicked on the Standard Catalog Navigation button from header
16:02:39.501 [main] INFO  resources.base - User Have reached the Standard Catalog Page
16:03:01.665 [main] INFO  resources.base - User has clicked on the 1st Standard Product appearing and reached the PDP Page
16:03:12.508 [main] INFO  resources.base - User has clicked on the All Product Nevigation button from the header
16:03:17.524 [main] INFO  resources.base - User Have reached the All Product Page
16:04:49.872 [main] INFO  resources.base - User has clicked on Audio Cables Category From All Products Page
16:04:50.019 [main] INFO  resources.base - User Have reached the Audio Cables Category Page
16:04:50.509 [main] INFO  resources.base - User has clicked on Resouces link from the header
16:05:00.538 [main] INFO  resources.base - User Have reached the Resources Page
16:05:19.587 [main] INFO  resources.base - User has clicked on Special Offer Link from the header
16:05:19.593 [main] INFO  resources.base - User Have reached the Special Offer Page
16:05:28.201 [main] INFO  resources.base - User has clicked on Cart Icon from the header
16:05:28.212 [main] INFO  resources.base - User Have reached the Shopping Cart Page
16:05:38.985 [main] INFO  resources.base - User has clicked the Logo from the header of the page
16:05:39.098 [main] ERROR resources.base - User not able to reach home clicking on the header logo
16:05:39.098 [main] ERROR resources.base - expected [Shop - MarkITplace] but found [Cart - MarkITplace]
16:05:43.101 [main] INFO  resources.base - User has clicked the Logo from the footer of the page
16:05:43.157 [main] INFO  resources.base - User Have reached the Home Page clicking on the footer Logo
16:07:07.452 [main] INFO  resources.base - User has clicked on the Track button from the header of the page
16:07:07.457 [main] INFO  resources.base - User have reached the Track page after clicking on the Track button from the header of the page
16:07:13.075 [main] INFO  resources.base - User has clicked on the order button from the header of the page
16:07:13.088 [main] INFO  resources.base - User have reached the Order page after clicking on the Order button from the header of the page
16:07:41.947 [main] INFO  resources.base - User has clicked on the Saved Report icon from the header of the page
16:07:51.952 [main] ERROR resources.base - User have not reached the Saved Report page after clicking on the Saved Report icon from the header of the page
16:07:51.952 [main] ERROR resources.base - expected [Saved Reports - MarkITplace] but found [Track Dashboard - MarkITplace]
16:07:53.048 [main] INFO  resources.base - user is searching printer using the search textbox
18:09:52.724 [main] INFO  resources.base - User Have Successfully Login To The Home Page
18:10:03.564 [main] INFO  resources.base - User Have Successfully reached the favorites Page
18:10:24.389 [main] ERROR resources.base - Favorite page not Open
18:10:24.390 [main] ERROR resources.base - Unable to find element with xpath == (//a[@class='btn'])[2]
For documentation on this error, please visit: http://seleniumhq.org/exceptions/no_such_element.html
Build info: version: '3.11.0', revision: 'e59cfb3', time: '2018-03-11T20:26:55.152Z'
System info: host: 'DESKTOP-B75F35K', ip: '10.0.2.15', os.name: 'Windows 10', os.arch: 'amd64', os.version: '10.0', java.version: '1.8.0_171'
Driver info: org.openqa.selenium.ie.InternetExplorerDriver
Capabilities {acceptInsecureCerts: false, browserName: internet explorer, browserVersion: 11, javascriptEnabled: true, pageLoadStrategy: normal, platform: WINDOWS, platformName: WINDOWS, proxy: Proxy(), se:ieOptions: {browserAttachTimeout: 0, elementScrollBehavior: 0, enablePersistentHover: true, ie.browserCommandLineSwitches: , ie.ensureCleanSession: false, ie.fileUploadDialogTimeout: 3000, ie.forceCreateProcessApi: false, ignoreProtectedModeSettings: false, ignoreZoomSetting: false, initialBrowserUrl: http://localhost:36096/, nativeEvents: true, requireWindowFocus: false}, setWindowRect: true, timeouts: {implicit: 0, pageLoad: 300000, script: 30000}}
Session ID: d5ca042e-a3f9-49d1-832f-f739e50360ed
*** Element info: {Using=xpath, value=(//a[@class='btn'])[2]}
18:10:45.967 [main] INFO  resources.base - user is searching printer using the search textbox
18:10:45.975 [main] INFO  resources.base - User Have Successfully reached the printer search listing page
18:10:46.277 [main] INFO  resources.base - Search result data is Appearing on the Search Result Page
18:11:11.114 [main] INFO  resources.base - User has clicked on Add to Cart on First Searched Product
18:11:15.103 [main] INFO  resources.base - Product 1 is successfully added to Cart
18:11:15.726 [main] INFO  resources.base - User has closed the Add to Cart Modal after adding 1st product to cart
18:11:21.407 [main] INFO  resources.base - User has clicked on Add to Favorites on First Searched Product
18:11:31.456 [main] ERROR resources.base - Product is not added to favorites
18:11:31.456 [main] ERROR resources.base - Unable to find element with xpath == //*[@id='products-content']/div/div[2]/div/div/div[1]/h4
For documentation on this error, please visit: http://seleniumhq.org/exceptions/no_such_element.html
Build info: version: '3.11.0', revision: 'e59cfb3', time: '2018-03-11T20:26:55.152Z'
System info: host: 'DESKTOP-B75F35K', ip: '10.0.2.15', os.name: 'Windows 10', os.arch: 'amd64', os.version: '10.0', java.version: '1.8.0_171'
Driver info: org.openqa.selenium.ie.InternetExplorerDriver
Capabilities {acceptInsecureCerts: false, browserName: internet explorer, browserVersion: 11, javascriptEnabled: true, pageLoadStrategy: normal, platform: WINDOWS, platformName: WINDOWS, proxy: Proxy(), se:ieOptions: {browserAttachTimeout: 0, elementScrollBehavior: 0, enablePersistentHover: true, ie.browserCommandLineSwitches: , ie.ensureCleanSession: false, ie.fileUploadDialogTimeout: 3000, ie.forceCreateProcessApi: false, ignoreProtectedModeSettings: false, ignoreZoomSetting: false, initialBrowserUrl: http://localhost:36096/, nativeEvents: true, requireWindowFocus: false}, setWindowRect: true, timeouts: {implicit: 0, pageLoad: 300000, script: 30000}}
Session ID: d5ca042e-a3f9-49d1-832f-f739e50360ed
*** Element info: {Using=xpath, value=//*[@id='products-content']/div/div[2]/div/div/div[1]/h4}
18:12:04.317 [main] INFO  resources.base - User Have Successfully reached the PDP Page
18:12:25.100 [main] INFO  resources.base - Recently Viewed Page is Opened
18:12:28.639 [main] INFO  resources.base - User has clicked the Logo from the footer of the page
18:12:28.689 [main] INFO  resources.base - User Have reached the Home Page clicking on the footer Logo
18:12:39.090 [main] INFO  resources.base - User has clicked on the My Profile page from My Account dropdown
18:12:39.099 [main] INFO  resources.base - User has clicked on the My Profile page from My Account dropdown
18:12:49.696 [main] INFO  resources.base - User has clicked on the My Profile page from My Account dropdown
18:12:50.051 [main] INFO  resources.base - User has clicked the Logo from the header of the page
18:12:50.068 [main] ERROR resources.base - User not able to reach home clicking on the header logo
18:12:50.068 [main] ERROR resources.base - expected [Shop - MarkITplace] but found [Shipping Address - MarkITplace]
18:13:00.028 [main] INFO  resources.base - User has clicked on the Standard Catalog Navigation button from header
18:13:05.039 [main] INFO  resources.base - User Have reached the Standard Catalog Page
18:13:26.712 [main] INFO  resources.base - User has clicked on the 1st Standard Product appearing and reached the PDP Page
18:13:37.542 [main] INFO  resources.base - User has clicked on the All Product Nevigation button from the header
18:13:42.549 [main] INFO  resources.base - User Have reached the All Product Page
18:13:59.744 [main] INFO  resources.base - User has clicked on Audio Cables Category From All Products Page
18:13:59.754 [main] INFO  resources.base - User Have reached the Audio Cables Category Page
18:14:00.176 [main] INFO  resources.base - User has clicked on Resouces link from the header
18:14:10.181 [main] INFO  resources.base - User Have reached the Resources Page
18:14:16.044 [main] INFO  resources.base - User has clicked on Special Offer Link from the header
18:14:16.051 [main] INFO  resources.base - User Have reached the Special Offer Page
18:14:22.203 [main] INFO  resources.base - User has clicked on Cart Icon from the header
18:14:22.214 [main] INFO  resources.base - User Have reached the Shopping Cart Page
18:14:34.403 [main] INFO  resources.base - User has clicked the Logo from the header of the page
18:14:34.408 [main] ERROR resources.base - User not able to reach home clicking on the header logo
18:14:34.408 [main] ERROR resources.base - expected [Shop - MarkITplace] but found [Checkout - MarkITplace]
18:14:38.979 [main] INFO  resources.base - User has clicked the Logo from the footer of the page
18:14:39.054 [main] INFO  resources.base - User Have reached the Home Page clicking on the footer Logo
18:15:15.105 [main] INFO  resources.base - User has clicked on the Track button from the header of the page
18:15:15.116 [main] INFO  resources.base - User have reached the Track page after clicking on the Track button from the header of the page
18:15:20.768 [main] INFO  resources.base - User has clicked on the order button from the header of the page
18:15:20.784 [main] INFO  resources.base - User have reached the Order page after clicking on the Order button from the header of the page
18:15:26.450 [main] INFO  resources.base - User has clicked on the Purchase Analysis button from the header of the page
18:15:26.515 [main] ERROR resources.base - User have not reached the Purchase Analysis page after clicking on the Purchase Analysis button from the header of the page
18:15:26.515 [main] ERROR resources.base - expected [Purchase Analysis - MarkITplace] but found [Orders - MarkITplace]
18:15:50.167 [main] INFO  resources.base - User has clicked on the Calendar button from the header of the page
18:16:00.182 [main] INFO  resources.base - User have reached the  Calendar page after clicking on the Calendar button from the header of the page
18:16:39.103 [main] INFO  resources.base - User has clicked on the Assets report from Report tab
18:16:39.122 [main] INFO  resources.base - User have reached the assets report after clicking on asset link from report tab
18:17:07.692 [main] INFO  resources.base - User has clicked on the Days To Ship report from Report tab
18:17:17.718 [main] INFO  resources.base - User have reached the Days To Ship report after clicking on Days To Ship link from report tab
18:17:35.353 [main] INFO  resources.base - User has clicked on the Expiration report from Report tab
18:17:45.366 [main] INFO  resources.base - User have reached the Expiration report after clicking on Expiration link from report tab
18:18:10.600 [main] INFO  resources.base - User has clicked on the Inventory report from Report tab
18:18:20.604 [main] INFO  resources.base - User have reached the Inventory report after clicking on Inventory link from report tab
18:18:33.727 [main] INFO  resources.base - User has clicked on the Invoices report from Report tab
18:18:45.416 [main] INFO  resources.base - User have reached the Invoices report after clicking on Invoices link from report tab
18:18:59.866 [main] INFO  resources.base - User has clicked on the Invoice Line report from Report tab
18:19:10.132 [main] INFO  resources.base - User have reached the Invoice Line report after clicking on Invoice Line link from report tab
18:19:34.947 [main] INFO  resources.base - User has clicked on the Licenses report from Report tab
18:19:45.135 [main] INFO  resources.base - User have reached the Licenses report after clicking on Licenses link from report tab
18:20:10.529 [main] INFO  resources.base - User has clicked on the Orders report from Report tab
18:20:10.596 [main] ERROR resources.base - User not able to reach the Orders report after clicking on Orders link from report tab
18:20:10.597 [main] ERROR resources.base - expected [Orders Report - MarkITplace] but found []
18:20:30.176 [main] INFO  resources.base - User has clicked on the Saved Report icon from the header of the page
18:20:40.197 [main] INFO  resources.base - User have reached the  Saved Report page after clicking on the Saved Report icon from the header of the page
18:20:40.746 [main] INFO  resources.base - user is searching printer using the search textbox
18:21:06.411 [main] INFO  resources.base - User Have Successfully reached the Compare page
09:56:10.364 [main] INFO  resources.base - User Have Successfully Login To The Home Page
09:56:20.991 [main] INFO  resources.base - User Have Successfully reached the favorites Page
09:56:41.471 [main] ERROR resources.base - Favorite page not Open
09:56:41.499 [main] ERROR resources.base - Unable to find element with xpath == (//a[@class='btn'])[2]
For documentation on this error, please visit: http://seleniumhq.org/exceptions/no_such_element.html
Build info: version: '3.11.0', revision: 'e59cfb3', time: '2018-03-11T20:26:55.152Z'
System info: host: 'DESKTOP-B75F35K', ip: '10.0.2.15', os.name: 'Windows 10', os.arch: 'amd64', os.version: '10.0', java.version: '1.8.0_171'
Driver info: org.openqa.selenium.ie.InternetExplorerDriver
Capabilities {acceptInsecureCerts: false, browserName: internet explorer, browserVersion: 11, javascriptEnabled: true, pageLoadStrategy: normal, platform: WINDOWS, platformName: WINDOWS, proxy: Proxy(), se:ieOptions: {browserAttachTimeout: 0, elementScrollBehavior: 0, enablePersistentHover: true, ie.browserCommandLineSwitches: , ie.ensureCleanSession: false, ie.fileUploadDialogTimeout: 3000, ie.forceCreateProcessApi: false, ignoreProtectedModeSettings: false, ignoreZoomSetting: false, initialBrowserUrl: http://localhost:11545/, nativeEvents: true, requireWindowFocus: false}, setWindowRect: true, timeouts: {implicit: 0, pageLoad: 300000, script: 30000}}
Session ID: c544b6ce-a85a-4d2c-b246-46ec3a5e91b3
*** Element info: {Using=xpath, value=(//a[@class='btn'])[2]}
09:57:02.625 [main] INFO  resources.base - user is searching printer using the search textbox
09:57:02.630 [main] INFO  resources.base - User Have Successfully reached the printer search listing page
09:57:02.901 [main] INFO  resources.base - Search result data is Appearing on the Search Result Page
09:57:39.321 [main] INFO  resources.base - User Have Successfully reached the PDP Page
09:57:59.962 [main] INFO  resources.base - Recently Viewed Page is Opened
09:58:04.918 [main] INFO  resources.base - User has clicked the Logo from the footer of the page
09:58:04.924 [main] INFO  resources.base - User Have reached the Home Page clicking on the footer Logo
09:58:12.036 [main] INFO  resources.base - User has clicked on the My Profile page from My Account dropdown
09:58:12.047 [main] INFO  resources.base - User has clicked on the My Profile page from My Account dropdown
09:58:22.681 [main] INFO  resources.base - User has clicked on the My Profile page from My Account dropdown
09:58:33.093 [main] INFO  resources.base - User has clicked the Logo from the header of the page
09:58:33.102 [main] INFO  resources.base - User Have reached the Home Page clicking on the Header Logo
09:58:33.467 [main] INFO  resources.base - User has clicked on the Standard Catalog Navigation button from header
09:58:38.575 [main] INFO  resources.base - User Have reached the Standard Catalog Page
09:59:00.236 [main] INFO  resources.base - User has clicked on the 1st Standard Product appearing and reached the PDP Page
09:59:11.695 [main] INFO  resources.base - User has clicked on the All Product Nevigation button from the header
09:59:21.707 [main] INFO  resources.base - User Have reached the All Product Page
09:59:26.550 [main] INFO  resources.base - User has clicked on Audio Cables Category From All Products Page
09:59:41.650 [main] ERROR resources.base - User have not reached the Audio Cable Category Page after clicking Audio Cable category from all product page
09:59:41.650 [main] ERROR resources.base - expected [Audio Cables - MarkITplace] but found [All Products - MarkITplace]
09:59:42.269 [main] INFO  resources.base - User has clicked on Resouces link from the header
09:59:52.277 [main] INFO  resources.base - User Have reached the Resources Page
10:00:09.022 [main] INFO  resources.base - User has clicked on Special Offer Link from the header
10:00:09.030 [main] INFO  resources.base - User Have reached the Special Offer Page
10:00:17.023 [main] INFO  resources.base - User has clicked on Cart Icon from the header
10:00:17.039 [main] INFO  resources.base - User Have reached the Shopping Cart Page
10:00:21.724 [main] INFO  resources.base - User has clicked on the Standard Catalog Link from the footer of the page
10:00:31.734 [main] INFO  resources.base - User Have reached the Standard Product page after clicking on the Standard Catalog Link from the footer of the page
10:00:37.590 [main] INFO  resources.base - User has clicked on the All product Link from the footer of the page
10:00:37.595 [main] INFO  resources.base - User Have reached the All Product page after clicking on the Standard Catalog Link from the footer of the page
10:00:43.421 [main] INFO  resources.base - User has clicked on the resources  Link from the footer of the page
10:00:44.011 [main] INFO  resources.base - User Have reached the resources page after clicking on the resources Link from the footer of the page
10:01:08.092 [main] INFO  resources.base - User has clicked on the Track button from the header of the page
10:01:08.097 [main] INFO  resources.base - User have reached the Track page after clicking on the Track button from the header of the page
10:01:13.521 [main] INFO  resources.base - User has clicked on the order button from the header of the page
10:01:13.527 [main] INFO  resources.base - User have reached the Order page after clicking on the Order button from the header of the page
10:01:29.867 [main] INFO  resources.base - User has clicked on the Purchase Analysis button from the header of the page
10:01:29.873 [main] ERROR resources.base - User have not reached the Purchase Analysis page after clicking on the Purchase Analysis button from the header of the page
10:01:29.873 [main] ERROR resources.base - expected [Purchase Analysis - MarkITplace] but found [Orders - MarkITplace]
10:01:52.043 [main] INFO  resources.base - User has clicked on the Saved Report icon from the header of the page
10:02:07.050 [main] INFO  resources.base - User have reached the  Saved Report page after clicking on the Saved Report icon from the header of the page
10:02:08.021 [main] INFO  resources.base - user is searching printer using the search textbox
10:02:39.099 [main] INFO  resources.base - User Have Successfully reached the Compare page
08:45:30.353 [main] INFO  resources.base - User Have Successfully Login To The Home Page
08:45:50.055 [main] INFO  resources.base - User Have Successfully reached the favorites Page
08:46:11.049 [main] ERROR resources.base - Favorite page not Open
08:46:11.051 [main] ERROR resources.base - Unable to find element with xpath == (//a[@class='btn'])[2]
For documentation on this error, please visit: http://seleniumhq.org/exceptions/no_such_element.html
Build info: version: '3.11.0', revision: 'e59cfb3', time: '2018-03-11T20:26:55.152Z'
System info: host: 'DESKTOP-B75F35K', ip: '10.0.2.15', os.name: 'Windows 10', os.arch: 'amd64', os.version: '10.0', java.version: '1.8.0_171'
Driver info: org.openqa.selenium.ie.InternetExplorerDriver
Capabilities {acceptInsecureCerts: false, browserName: internet explorer, browserVersion: 11, javascriptEnabled: true, pageLoadStrategy: normal, platform: WINDOWS, platformName: WINDOWS, proxy: Proxy(), se:ieOptions: {browserAttachTimeout: 0, elementScrollBehavior: 0, enablePersistentHover: true, ie.browserCommandLineSwitches: , ie.ensureCleanSession: false, ie.fileUploadDialogTimeout: 3000, ie.forceCreateProcessApi: false, ignoreProtectedModeSettings: false, ignoreZoomSetting: false, initialBrowserUrl: http://localhost:18794/, nativeEvents: true, requireWindowFocus: false}, setWindowRect: true, timeouts: {implicit: 0, pageLoad: 300000, script: 30000}}
Session ID: 415fce85-712b-4087-b951-71c5a2d6d0ed
*** Element info: {Using=xpath, value=(//a[@class='btn'])[2]}
08:46:32.402 [main] INFO  resources.base - user is searching printer using the search textbox
08:46:32.424 [main] INFO  resources.base - User Have Successfully reached the printer search listing page
08:46:32.803 [main] INFO  resources.base - Search result data is Appearing on the Search Result Page
08:46:56.256 [main] INFO  resources.base - User Have Successfully reached the PDP Page
08:47:11.709 [main] INFO  resources.base - User has clicked the Logo from the footer of the page
08:47:11.728 [main] INFO  resources.base - User Have reached the Home Page clicking on the footer Logo
08:47:25.509 [main] INFO  resources.base - User has clicked on the My Profile page from My Account dropdown
08:47:25.525 [main] INFO  resources.base - User has clicked on the My Profile page from My Account dropdown
08:47:40.734 [main] INFO  resources.base - User has clicked on the My Profile page from My Account dropdown
08:47:54.054 [main] INFO  resources.base - User has clicked the Logo from the header of the page
08:47:54.079 [main] INFO  resources.base - User Have reached the Home Page clicking on the Header Logo
08:48:00.328 [main] INFO  resources.base - User has clicked on the Standard Catalog Navigation button from header
08:48:05.346 [main] INFO  resources.base - User Have reached the Standard Catalog Page
08:48:28.252 [main] INFO  resources.base - User has clicked on the 1st Standard Product appearing and reached the PDP Page
08:49:01.661 [main] INFO  resources.base - User has clicked on the All Product Nevigation button from the header
08:49:11.676 [main] INFO  resources.base - User Have reached the All Product Page
08:49:25.747 [main] INFO  resources.base - User has clicked on Audio Cables Category From All Products Page
08:49:40.762 [main] INFO  resources.base - User Have reached the Audio Cables Category Page
08:50:07.621 [main] INFO  resources.base - User has clicked on Resouces link from the header
08:50:17.637 [main] INFO  resources.base - User Have reached the Resources Page
08:50:33.465 [main] INFO  resources.base - User has clicked on Special Offer Link from the header
08:50:33.500 [main] INFO  resources.base - User Have reached the Special Offer Page
08:50:40.904 [main] INFO  resources.base - User has clicked on Cart Icon from the header
08:50:40.934 [main] INFO  resources.base - User Have reached the Shopping Cart Page
08:50:47.916 [main] INFO  resources.base - User has clicked on the Standard Catalog Link from the footer of the page
08:50:57.981 [main] INFO  resources.base - User Have reached the Standard Product page after clicking on the Standard Catalog Link from the footer of the page
08:51:12.450 [main] INFO  resources.base - User has clicked on the All product Link from the footer of the page
08:51:12.464 [main] INFO  resources.base - User Have reached the All Product page after clicking on the Standard Catalog Link from the footer of the page
08:51:32.557 [main] INFO  resources.base - User has clicked on the resources  Link from the footer of the page
08:51:32.605 [main] INFO  resources.base - User Have reached the resources page after clicking on the resources Link from the footer of the page
08:51:52.187 [main] INFO  resources.base - User has clicked on the Special offer Link from the footer of the page
08:51:52.213 [main] INFO  resources.base - User Have reached the Special offer after clicking on the Special offer Link from the footer of the page
08:52:08.161 [main] INFO  resources.base - User has clicked on the Special offer Link from the footer of the page
08:52:08.184 [main] INFO  resources.base - User Have reached the Favorites after clicking on the Favorites Link from the footer of the page
08:52:43.009 [main] INFO  resources.base - User has clicked on the Track button from the header of the page
08:52:43.027 [main] INFO  resources.base - User have reached the Track page after clicking on the Track button from the header of the page
08:52:59.684 [main] INFO  resources.base - User has clicked on the order button from the header of the page
08:52:59.811 [main] INFO  resources.base - User have reached the Order page after clicking on the Order button from the header of the page
08:53:39.935 [main] INFO  resources.base - User has clicked on the Purchase Analysis button from the header of the page
08:53:39.948 [main] INFO  resources.base - User have reached the Purchase Analysis page after clicking on the Purchase Analysis button from the header of the page
08:53:41.557 [main] INFO  resources.base - User have clicked on email icon on purchase analysis Page
08:53:42.993 [main] INFO  resources.base - User have entered the email on email field at purchase analysis Page
08:53:45.006 [main] INFO  resources.base - User have click on Send button at email popup screen at purchase analysis Page
08:54:06.180 [main] INFO  resources.base - User has clicked on the Calendar button from the header of the page
08:54:16.201 [main] INFO  resources.base - User have reached the  Calendar page after clicking on the Calendar button from the header of the page
08:54:25.723 [main] INFO  resources.base - User has clicked on the Saved Report icon from the header of the page
08:54:40.789 [main] INFO  resources.base - User have reached the  Saved Report page after clicking on the Saved Report icon from the header of the page
08:54:41.608 [main] INFO  resources.base - user is searching printer using the search textbox
08:55:27.032 [main] INFO  resources.base - User Have Successfully reached the Compare page
17:24:55.959 [main] INFO  resources.base - User Have Successfully Login To The Home Page
17:25:12.954 [main] INFO  resources.base - User Have Successfully reached the favorites Page
17:25:33.416 [main] ERROR resources.base - Favorite page not Open
17:25:33.418 [main] ERROR resources.base - Unable to find element with xpath == (//a[@class='btn'])[2]
For documentation on this error, please visit: http://seleniumhq.org/exceptions/no_such_element.html
Build info: version: '3.11.0', revision: 'e59cfb3', time: '2018-03-11T20:26:55.152Z'
System info: host: 'DESKTOP-B75F35K', ip: '10.0.2.15', os.name: 'Windows 10', os.arch: 'amd64', os.version: '10.0', java.version: '1.8.0_171'
Driver info: org.openqa.selenium.ie.InternetExplorerDriver
Capabilities {acceptInsecureCerts: false, browserName: internet explorer, browserVersion: 11, javascriptEnabled: true, pageLoadStrategy: normal, platform: WINDOWS, platformName: WINDOWS, proxy: Proxy(), se:ieOptions: {browserAttachTimeout: 0, elementScrollBehavior: 0, enablePersistentHover: true, ie.browserCommandLineSwitches: , ie.ensureCleanSession: false, ie.fileUploadDialogTimeout: 3000, ie.forceCreateProcessApi: false, ignoreProtectedModeSettings: false, ignoreZoomSetting: false, initialBrowserUrl: http://localhost:42773/, nativeEvents: true, requireWindowFocus: false}, setWindowRect: true, timeouts: {implicit: 0, pageLoad: 300000, script: 30000}}
Session ID: 69e58e92-79e4-4b06-84af-eb73c74481fa
*** Element info: {Using=xpath, value=(//a[@class='btn'])[2]}
17:25:54.254 [main] INFO  resources.base - user is searching printer using the search textbox
17:25:54.273 [main] INFO  resources.base - User Have Successfully reached the printer search listing page
17:25:54.466 [main] INFO  resources.base - Search result data is Appearing on the Search Result Page
17:27:45.068 [main] ERROR resources.base - User Is Not Able To reached the PDP Page
17:27:45.068 [main] ERROR resources.base - expected [HP Officejet Pro 8710 All-in-One - Multifunction printer - MarkITplace] but found [Printers - MarkITplace]
17:28:36.195 [main] INFO  resources.base - Recently Viewed Page is Opened
17:28:39.872 [main] INFO  resources.base - User has clicked the Logo from the footer of the page
17:28:39.917 [main] INFO  resources.base - User Have reached the Home Page clicking on the footer Logo
17:28:50.435 [main] INFO  resources.base - User has clicked on the My Profile page from My Account dropdown
17:28:50.482 [main] INFO  resources.base - User has clicked on the My Profile page from My Account dropdown
17:29:05.606 [main] INFO  resources.base - User has clicked on the My Profile page from My Account dropdown
17:29:19.085 [main] INFO  resources.base - User has clicked the Logo from the header of the page
17:29:19.103 [main] INFO  resources.base - User Have reached the Home Page clicking on the Header Logo
17:29:24.284 [main] INFO  resources.base - User has clicked on the Standard Catalog Navigation button from header
