17:29:29.302 [main] INFO  resources.base - User Have reached the Standard Catalog Page
17:29:52.590 [main] INFO  resources.base - User has clicked on the 1st Standard Product appearing and reached the PDP Page
17:29:59.549 [main] INFO  resources.base - User has clicked on the All Product Nevigation button from the header
17:30:09.564 [main] INFO  resources.base - User Have reached the All Product Page
17:30:23.114 [main] INFO  resources.base - User has clicked on Audio Cables Category From All Products Page
17:30:38.138 [main] INFO  resources.base - User Have reached the Audio Cables Category Page
17:30:49.858 [main] INFO  resources.base - User has clicked on Resouces link from the header
17:30:59.876 [main] INFO  resources.base - User Have reached the Resources Page
17:31:08.054 [main] INFO  resources.base - User has clicked on Special Offer Link from the header
17:31:08.085 [main] INFO  resources.base - User Have reached the Special Offer Page
17:31:13.257 [main] INFO  resources.base - User has clicked on Cart Icon from the header
17:31:13.270 [main] INFO  resources.base - User Have reached the Shopping Cart Page
17:31:17.794 [main] INFO  resources.base - User has clicked on the Standard Catalog Link from the footer of the page
17:31:27.825 [main] INFO  resources.base - User Have reached the Standard Product page after clicking on the Standard Catalog Link from the footer of the page
17:31:39.321 [main] INFO  resources.base - User has clicked on the All product Link from the footer of the page
17:31:39.338 [main] INFO  resources.base - User Have reached the All Product page after clicking on the Standard Catalog Link from the footer of the page
17:31:51.014 [main] INFO  resources.base - User has clicked on the resources  Link from the footer of the page
17:31:51.030 [main] INFO  resources.base - User Have reached the resources page after clicking on the resources Link from the footer of the page
17:32:01.183 [main] INFO  resources.base - User has clicked on the Special offer Link from the footer of the page
17:32:01.198 [main] INFO  resources.base - User Have reached the Special offer after clicking on the Special offer Link from the footer of the page
17:32:10.263 [main] INFO  resources.base - User has clicked on the Special offer Link from the footer of the page
17:32:10.284 [main] INFO  resources.base - User Have reached the Favorites after clicking on the Favorites Link from the footer of the page
17:32:47.954 [main] INFO  resources.base - User has clicked on the Track button from the header of the page
17:32:47.973 [main] INFO  resources.base - User have reached the Track page after clicking on the Track button from the header of the page
17:33:01.095 [main] INFO  resources.base - User has clicked on the order button from the header of the page
17:33:01.111 [main] INFO  resources.base - User have reached the Order page after clicking on the Order button from the header of the page
17:33:33.983 [main] INFO  resources.base - User has clicked on the Purchase Analysis button from the header of the page
17:33:34.000 [main] INFO  resources.base - User have reached the Purchase Analysis page after clicking on the Purchase Analysis button from the header of the page
17:33:34.675 [main] INFO  resources.base - User have clicked on email icon on purchase analysis Page
17:33:35.341 [main] INFO  resources.base - User have entered the email on email field at purchase analysis Page
17:33:36.107 [main] INFO  resources.base - User have click on Send button at email popup screen at purchase analysis Page
17:33:44.794 [main] INFO  resources.base - User has clicked on the Calendar button from the header of the page
17:33:54.816 [main] INFO  resources.base - User have reached the  Calendar page after clicking on the Calendar button from the header of the page
17:34:01.366 [main] INFO  resources.base - User has clicked on the Saved Report icon from the header of the page
17:34:16.389 [main] INFO  resources.base - User have reached the  Saved Report page after clicking on the Saved Report icon from the header of the page
17:34:16.757 [main] INFO  resources.base - user is searching printer using the search textbox
17:34:55.052 [main] INFO  resources.base - User Have Successfully reached the Compare page
09:29:26.108 [main] INFO  resources.base - User Have Successfully Login To The Home Page
09:29:44.358 [main] INFO  resources.base - User Have Successfully reached the favorites Page
09:30:39.269 [main] INFO  resources.base - user is searching printer using the search textbox
09:30:39.284 [main] INFO  resources.base - User Have Successfully reached the printer search listing page
09:30:39.515 [main] INFO  resources.base - Search result data is Appearing on the Search Result Page
09:31:03.764 [main] INFO  resources.base - User Have Successfully reached the PDP Page
09:31:24.421 [main] INFO  resources.base - Recently Viewed Page is Opened
09:31:28.436 [main] INFO  resources.base - User has clicked the Logo from the footer of the page
09:31:28.467 [main] INFO  resources.base - User Have reached the Home Page clicking on the footer Logo
09:31:39.499 [main] INFO  resources.base - User has clicked on the My Profile page from My Account dropdown
09:31:39.530 [main] INFO  resources.base - User has clicked on the My Profile page from My Account dropdown
09:31:55.155 [main] INFO  resources.base - User has clicked on the My Profile page from My Account dropdown
09:32:05.545 [main] INFO  resources.base - User has clicked the Logo from the header of the page
09:32:05.577 [main] INFO  resources.base - User Have reached the Home Page clicking on the Header Logo
09:32:45.983 [main] INFO  resources.base - User has clicked on the Standard Catalog Navigation button from header
09:32:51.014 [main] INFO  resources.base - User Have reached the Standard Catalog Page
09:33:07.546 [main] INFO  resources.base - User has clicked on the 1st Standard Product appearing and reached the PDP Page
09:33:16.420 [main] INFO  resources.base - User has clicked on the All Product Nevigation button from the header
09:33:26.436 [main] INFO  resources.base - User Have reached the All Product Page
09:33:35.577 [main] INFO  resources.base - User has clicked on Audio Cables Category From All Products Page
09:33:50.609 [main] INFO  resources.base - User Have reached the Audio Cables Category Page
09:34:08.576 [main] INFO  resources.base - User has clicked on Resouces link from the header
09:34:18.608 [main] INFO  resources.base - User Have reached the Resources Page
09:34:28.373 [main] INFO  resources.base - User has clicked on Special Offer Link from the header
09:34:28.389 [main] INFO  resources.base - User Have reached the Special Offer Page
09:34:33.499 [main] INFO  resources.base - User has clicked on Cart Icon from the header
09:34:33.514 [main] INFO  resources.base - User Have reached the Shopping Cart Page
09:34:39.202 [main] INFO  resources.base - User has clicked on the Standard Catalog Link from the footer of the page
09:34:49.233 [main] INFO  resources.base - User Have reached the Standard Product page after clicking on the Standard Catalog Link from the footer of the page
09:34:58.077 [main] INFO  resources.base - User has clicked on the All product Link from the footer of the page
09:34:58.093 [main] INFO  resources.base - User Have reached the All Product page after clicking on the Standard Catalog Link from the footer of the page
09:35:10.577 [main] INFO  resources.base - User has clicked on the resources  Link from the footer of the page
09:35:10.608 [main] INFO  resources.base - User Have reached the resources page after clicking on the resources Link from the footer of the page
09:35:20.764 [main] INFO  resources.base - User has clicked on the Special offer Link from the footer of the page
09:35:20.780 [main] INFO  resources.base - User Have reached the Special offer after clicking on the Special offer Link from the footer of the page
09:35:29.811 [main] INFO  resources.base - User has clicked on the Special offer Link from the footer of the page
09:35:29.827 [main] INFO  resources.base - User Have reached the Favorites after clicking on the Favorites Link from the footer of the page
09:36:01.124 [main] INFO  resources.base - User has clicked on the Track button from the header of the page
09:36:01.139 [main] INFO  resources.base - User have reached the Track page after clicking on the Track button from the header of the page
09:36:13.093 [main] INFO  resources.base - User has clicked on the order button from the header of the page
09:36:13.108 [main] INFO  resources.base - User have reached the Order page after clicking on the Order button from the header of the page
09:36:44.734 [main] INFO  resources.base - User has clicked on the Purchase Analysis button from the header of the page
09:36:44.749 [main] INFO  resources.base - User have reached the Purchase Analysis page after clicking on the Purchase Analysis button from the header of the page
09:36:45.405 [main] INFO  resources.base - User have clicked on email icon on purchase analysis Page
09:36:46.048 [main] INFO  resources.base - User have entered the email on email field at purchase analysis Page
09:36:46.795 [main] INFO  resources.base - User have click on Send button at email popup screen at purchase analysis Page
09:36:56.156 [main] INFO  resources.base - User has clicked on the Calendar button from the header of the page
09:37:06.186 [main] INFO  resources.base - User have reached the  Calendar page after clicking on the Calendar button from the header of the page
09:37:14.077 [main] INFO  resources.base - User has clicked on the Saved Report icon from the header of the page
09:37:29.093 [main] INFO  resources.base - User have reached the  Saved Report page after clicking on the Saved Report icon from the header of the page
09:37:29.452 [main] INFO  resources.base - user is searching printer using the search textbox
09:38:16.093 [main] INFO  resources.base - User Have Successfully reached the Compare page
09:41:52.389 [main] INFO  resources.base - User Have Successfully Login To The Home Page
09:42:05.250 [main] INFO  resources.base - User Have Successfully reached the favorites Page
09:42:15.288 [main] ERROR resources.base - Favorite page not Open
09:42:15.291 [main] ERROR resources.base - Currently focused window has been closed.
Build info: version: '3.11.0', revision: 'e59cfb3', time: '2018-03-11T20:26:55.152Z'
System info: host: 'DESKTOP-B75F35K', ip: '10.0.2.15', os.name: 'Windows 10', os.arch: 'amd64', os.version: '10.0', java.version: '1.8.0_171'
Driver info: org.openqa.selenium.ie.InternetExplorerDriver
Capabilities {acceptInsecureCerts: false, browserName: internet explorer, browserVersion: 11, javascriptEnabled: true, pageLoadStrategy: normal, platform: WINDOWS, platformName: WINDOWS, proxy: Proxy(), se:ieOptions: {browserAttachTimeout: 0, elementScrollBehavior: 0, enablePersistentHover: true, ie.browserCommandLineSwitches: , ie.ensureCleanSession: false, ie.fileUploadDialogTimeout: 3000, ie.forceCreateProcessApi: false, ignoreProtectedModeSettings: false, ignoreZoomSetting: false, initialBrowserUrl: http://localhost:29150/, nativeEvents: true, requireWindowFocus: false}, setWindowRect: true, timeouts: {implicit: 0, pageLoad: 300000, script: 30000}}
Session ID: ba685f4d-1be1-4cd2-abbe-df90147c0c59
*** Element info: {Using=xpath, value=(//span[@class='control__indicator'])[2]}
